[2021-10-04 06:56:55,325 INFO] json folder is removed
[2021-10-04 06:56:55,326 INFO] json folder is made
[2021-10-04 06:56:55,329 INFO] bert folder is removed
[2021-10-04 06:56:55,329 INFO] bert folder is made
[2021-10-04 06:56:55,329 INFO] Start 'df_to_bert' processing for df/test_df.pkl
[2021-10-04 06:56:55,331 INFO] Cleaning...
[2021-10-04 06:56:55,337 INFO] Sent split...
[2021-10-04 06:56:55,339 INFO] bert/test folder is made
[2021-10-04 06:57:00,369 INFO] Start 'df_to_bert' processing for df/valid_df.pkl
[2021-10-04 06:57:00,370 INFO] Cleaning...
[2021-10-04 06:57:00,374 INFO] Sent split...
[2021-10-04 06:57:00,401 WARNING] Initializing Kss...
[2021-10-04 06:57:07,222 INFO] bert/valid folder is made
[2021-10-04 06:57:12,531 INFO] Start 'df_to_bert' processing for df/train_df.pkl
[2021-10-04 06:57:12,532 INFO] Cleaning...
[2021-10-04 06:57:14,771 INFO] Sent split...
[2021-10-04 06:57:15,523 INFO] bert/train folder is made
[2021-10-04 07:33:58,202 INFO] json folder is removed
[2021-10-04 07:33:58,202 INFO] json folder is made
[2021-10-04 07:33:58,206 INFO] bert folder is removed
[2021-10-04 07:33:58,206 INFO] bert folder is made
[2021-10-04 07:33:58,206 INFO] Start 'df_to_bert' processing for df/test_df.pkl
[2021-10-04 07:33:58,207 INFO] Cleaning...
[2021-10-04 07:33:58,215 INFO] Sent split...
[2021-10-04 07:33:58,217 INFO] bert/test folder is made
[2021-10-04 07:34:03,299 INFO] Start 'df_to_bert' processing for df/valid_df.pkl
[2021-10-04 07:34:03,300 INFO] Cleaning...
[2021-10-04 07:34:03,305 INFO] Sent split...
[2021-10-04 07:34:03,332 WARNING] Initializing Kss...
[2021-10-04 07:34:10,095 INFO] bert/valid folder is made
[2021-10-04 07:34:15,284 INFO] Start 'df_to_bert' processing for df/train_df.pkl
[2021-10-04 07:34:15,286 INFO] Cleaning...
[2021-10-04 07:34:17,564 INFO] Sent split...
[2021-10-04 07:34:18,315 INFO] bert/train folder is made
[2021-10-04 07:46:38,027 INFO] json folder is removed
[2021-10-04 07:46:38,027 INFO] json folder is made
[2021-10-04 07:46:38,031 INFO] bert folder is removed
[2021-10-04 07:46:38,031 INFO] bert folder is made
[2021-10-04 07:46:38,031 INFO] Start 'df_to_bert' processing for df/test_df.pkl
[2021-10-04 07:46:38,032 INFO] Cleaning...
[2021-10-04 07:46:38,038 INFO] Sent split...
[2021-10-04 07:46:38,040 INFO] bert/test folder is made
[2021-10-04 07:46:43,130 INFO] Start 'df_to_bert' processing for df/valid_df.pkl
[2021-10-04 07:46:43,131 INFO] Cleaning...
[2021-10-04 07:46:43,135 INFO] Sent split...
[2021-10-04 07:46:43,162 WARNING] Initializing Kss...
[2021-10-04 07:46:50,822 INFO] bert/valid folder is made
[2021-10-04 07:46:56,020 INFO] Start 'df_to_bert' processing for df/train_df.pkl
[2021-10-04 07:46:56,022 INFO] Cleaning...
[2021-10-04 07:46:56,042 INFO] Sent split...
[2021-10-04 07:46:57,110 INFO] bert/train folder is made
